<?xml version="1.0" encoding="UTF-8"?>
<coverage generated="1705001916976" clover="3.2.0">
  <project timestamp="1705001916976" name="All files">
    <metrics statements="13" coveredstatements="11" conditionals="4" coveredconditionals="4" methods="8" coveredmethods="6" elements="25" coveredelements="21" complexity="0" loc="13" ncloc="13" packages="1" files="1" classes="1"/>
    <file name="funcoes.js" path="E:\pos-grad\QualidaadeTestesDeSoftware\jest_demo\funcoes.js">
      <metrics statements="13" coveredstatements="11" conditionals="4" coveredconditionals="4" methods="8" coveredmethods="6"/>
      <line num="1" count="1" type="stmt"/>
      <line num="3" count="1" type="stmt"/>
      <line num="4" count="1" type="stmt"/>
      <line num="6" count="1" type="stmt"/>
      <line num="9" count="2" type="cond" truecount="4" falsecount="0"/>
      <line num="11" count="1" type="stmt"/>
      <line num="15" count="1" type="stmt"/>
      <line num="19" count="4" type="stmt"/>
      <line num="22" count="0" type="stmt"/>
      <line num="24" count="2" type="stmt"/>
      <line num="25" count="2" type="stmt"/>
      <line num="26" count="0" type="stmt"/>
      <line num="30" count="1" type="stmt"/>
    </file>
  </project>
</coverage>
